<?xml version="1.0"?>
<!DOCTYPE coverage SYSTEM "http://cobertura.sourceforge.net/xml/coverage-04.dtd">

<coverage line-rate="0.47865853658536583" branch-rate="0.38492063492063494" lines-covered="471" lines-valid="984" branches-covered="194" branches-valid="504" complexity="2.5161290322580645" version="2.1.1" timestamp="1496983496051">
	<sources>
		<source>--source</source>
		<source>/home/travis/build/universAAL/ui/ui.handler.web.html/src/main/java</source>
	</sources>
	<packages>
		<package name="org.universAAL.ui.ui.handler.web.html" line-rate="0.25396825396825395" branch-rate="0.25925925925925924" complexity="2.4925373134328357">
			<classes>
				<class name="org.universAAL.ui.ui.handler.web.html.HTMLUserGenerator" filename="org/universAAL/ui/ui/handler/web/html/HTMLUserGenerator.java" line-rate="0.11428571428571428" branch-rate="0.0625" complexity="2.0588235294117645">
					<methods>
						<method name="&lt;init&gt;" signature="()V" line-rate="1.0" branch-rate="1.0" complexity="0">
							<lines>
								<line number="101" hits="3" branch="false"/>
								<line number="102" hits="3" branch="false"/>
							</lines>
						</method>
						<method name="&lt;init&gt;" signature="(Lorg/universAAL/middleware/container/ModuleContext;Ljava/util/Properties;Lorg/universAAL/ontology/profile/User;)V" line-rate="0.13333333333333333" branch-rate="1.0" complexity="0">
							<lines>
								<line number="70" hits="3" branch="false"/>
								<line number="76" hits="3" branch="false"/>
								<line number="115" hits="0" branch="false"/>
								<line number="116" hits="0" branch="false"/>
								<line number="117" hits="0" branch="false"/>
								<line number="120" hits="0" branch="false"/>
								<line number="122" hits="0" branch="false"/>
								<line number="125" hits="0" branch="false"/>
								<line number="127" hits="0" branch="false"/>
								<line number="130" hits="0" branch="false"/>
								<line number="131" hits="0" branch="false"/>
								<line number="132" hits="0" branch="false"/>
								<line number="135" hits="0" branch="false"/>
								<line number="136" hits="0" branch="false"/>
								<line number="137" hits="0" branch="false"/>
							</lines>
						</method>
						<method name="finish" signature="()V" line-rate="0.0" branch-rate="1.0" complexity="0">
							<lines>
								<line number="153" hits="0" branch="false"/>
								<line number="154" hits="0" branch="false"/>
							</lines>
						</method>
						<method name="getCurrentForm" signature="()Lorg/universAAL/middleware/ui/rdf/Form;" line-rate="0.0" branch-rate="1.0" complexity="0">
							<lines>
								<line number="188" hits="0" branch="false"/>
							</lines>
						</method>
						<method name="getCurrentUser" signature="()Lorg/universAAL/ontology/profile/User;" line-rate="0.0" branch-rate="1.0" complexity="0">
							<lines>
								<line number="198" hits="0" branch="false"/>
							</lines>
						</method>
						<method name="getFormManagement" signature="()Lorg/universAAL/ui/ui/handler/web/html/fm/FormManager;" line-rate="0.0" branch-rate="1.0" complexity="0">
							<lines>
								<line number="236" hits="0" branch="false"/>
							</lines>
						</method>
						<method name="getHTML" signature="()Ljava/lang/String;" line-rate="0.0" branch-rate="0.0" complexity="0">
							<lines>
								<line number="275" hits="0" branch="false"/>
								<line number="276" hits="0" branch="true" condition-coverage="0% (0/2)">
									<conditions>
										<condition number="0" type="jump" coverage="0%"/>
									</conditions>
								</line>
								<line number="277" hits="0" branch="true" condition-coverage="0% (0/2)">
									<conditions>
										<condition number="0" type="jump" coverage="0%"/>
									</conditions>
								</line>
								<line number="279" hits="0" branch="false"/>
								<line number="280" hits="0" branch="false"/>
								<line number="281" hits="0" branch="false"/>
								<line number="284" hits="0" branch="false"/>
								<line number="285" hits="0" branch="false"/>
								<line number="286" hits="0" branch="true" condition-coverage="0% (0/2)">
									<conditions>
										<condition number="0" type="jump" coverage="0%"/>
									</conditions>
								</line>
								<line number="287" hits="0" branch="false"/>
								<line number="288" hits="0" branch="false"/>
								<line number="290" hits="0" branch="false"/>
							</lines>
						</method>
						<method name="getHandler" signature="()Lorg/universAAL/ui/ui/handler/web/html/Handler;" line-rate="0.0" branch-rate="1.0" complexity="0">
							<lines>
								<line number="255" hits="0" branch="false"/>
							</lines>
						</method>
						<method name="getLanguage" signature="()Ljava/lang/String;" line-rate="0.0" branch-rate="1.0" complexity="0">
							<lines>
								<line number="226" hits="0" branch="false"/>
							</lines>
						</method>
						<method name="getModelMapper" signature="()Lorg/universAAL/ui/ui/handler/web/html/ModelMapper;" line-rate="1.0" branch-rate="1.0" complexity="0">
							<lines>
								<line number="246" hits="688" branch="false"/>
							</lines>
						</method>
						<method name="getModuleContext" signature="()Lorg/universAAL/middleware/container/ModuleContext;" line-rate="1.0" branch-rate="1.0" complexity="0">
							<lines>
								<line number="146" hits="1022" branch="false"/>
							</lines>
						</method>
						<method name="getProperty" signature="(Ljava/lang/String;)Ljava/lang/String;" line-rate="1.0" branch-rate="1.0" complexity="0">
							<lines>
								<line number="165" hits="6" branch="false"/>
							</lines>
						</method>
						<method name="getProperty" signature="(Ljava/lang/String;Ljava/lang/String;)Ljava/lang/String;" line-rate="0.0" branch-rate="1.0" complexity="0">
							<lines>
								<line number="179" hits="0" branch="false"/>
							</lines>
						</method>
						<method name="getUserLocation" signature="()Lorg/universAAL/middleware/owl/supply/AbsLocation;" line-rate="0.0" branch-rate="1.0" complexity="0">
							<lines>
								<line number="264" hits="0" branch="false"/>
								<line number="265" hits="0" branch="false"/>
							</lines>
						</method>
						<method name="hasImpairment" signature="(Lorg/universAAL/middleware/ui/owl/AccessImpairment;)Z" line-rate="0.0" branch-rate="0.0" complexity="0">
							<lines>
								<line number="212" hits="0" branch="false"/>
								<line number="213" hits="0" branch="false"/>
								<line number="214" hits="0" branch="true" condition-coverage="0% (0/4)">
									<conditions>
										<condition number="0" type="jump" coverage="0%"/>
										<condition number="1" type="jump" coverage="0%"/>
									</conditions>
								</line>
								<line number="215" hits="0" branch="false"/>
								<line number="217" hits="0" branch="true" condition-coverage="0% (0/2)">
									<conditions>
										<condition number="0" type="jump" coverage="0%"/>
									</conditions>
								</line>
							</lines>
						</method>
						<method name="isMissingInput" signature="(Lorg/universAAL/middleware/ui/rdf/Input;)Z" line-rate="1.0" branch-rate="0.5" complexity="0">
							<lines>
								<line number="332" hits="98" branch="true" condition-coverage="50% (2/4)">
									<conditions>
										<condition number="0" type="jump" coverage="50%"/>
										<condition number="1" type="jump" coverage="50%"/>
									</conditions>
								</line>
							</lines>
						</method>
						<method name="processInput" signature="(Ljava/util/Map;)V" line-rate="0.0" branch-rate="0.0" complexity="0">
							<lines>
								<line number="299" hits="0" branch="true" condition-coverage="0% (0/2)">
									<conditions>
										<condition number="0" type="jump" coverage="0%"/>
									</conditions>
								</line>
								<line number="300" hits="0" branch="false"/>
								<line number="303" hits="0" branch="false"/>
								<line number="304" hits="0" branch="false"/>
								<line number="305" hits="0" branch="true" condition-coverage="0% (0/2)">
									<conditions>
										<condition number="0" type="jump" coverage="0%"/>
									</conditions>
								</line>
								<line number="306" hits="0" branch="false"/>
								<line number="307" hits="0" branch="true" condition-coverage="0% (0/2)">
									<conditions>
										<condition number="0" type="jump" coverage="0%"/>
									</conditions>
								</line>
								<line number="308" hits="0" branch="false"/>
								<line number="309" hits="0" branch="false"/>
								<line number="310" hits="0" branch="true" condition-coverage="0% (0/4)">
									<conditions>
										<condition number="0" type="jump" coverage="0%"/>
										<condition number="1" type="jump" coverage="0%"/>
									</conditions>
								</line>
								<line number="311" hits="0" branch="false"/>
								<line number="312" hits="0" branch="true" condition-coverage="0% (0/2)">
									<conditions>
										<condition number="0" type="jump" coverage="0%"/>
									</conditions>
								</line>
								<line number="313" hits="0" branch="false"/>
								<line number="316" hits="0" branch="false"/>
								<line number="318" hits="0" branch="false"/>
								<line number="319" hits="0" branch="true" condition-coverage="0% (0/2)">
									<conditions>
										<condition number="0" type="jump" coverage="0%"/>
									</conditions>
								</line>
								<line number="320" hits="0" branch="false"/>
								<line number="321" hits="0" branch="false"/>
								<line number="323" hits="0" branch="false"/>
								<line number="324" hits="0" branch="true" condition-coverage="0% (0/2)">
									<conditions>
										<condition number="0" type="jump" coverage="0%"/>
									</conditions>
								</line>
								<line number="326" hits="0" branch="false"/>
								<line number="329" hits="0" branch="false"/>
							</lines>
						</method>
					</methods>
					<lines>
						<line number="70" hits="3" branch="false"/>
						<line number="76" hits="3" branch="false"/>
						<line number="101" hits="3" branch="false"/>
						<line number="102" hits="3" branch="false"/>
						<line number="115" hits="0" branch="false"/>
						<line number="116" hits="0" branch="false"/>
						<line number="117" hits="0" branch="false"/>
						<line number="120" hits="0" branch="false"/>
						<line number="122" hits="0" branch="false"/>
						<line number="125" hits="0" branch="false"/>
						<line number="127" hits="0" branch="false"/>
						<line number="130" hits="0" branch="false"/>
						<line number="131" hits="0" branch="false"/>
						<line number="132" hits="0" branch="false"/>
						<line number="135" hits="0" branch="false"/>
						<line number="136" hits="0" branch="false"/>
						<line number="137" hits="0" branch="false"/>
						<line number="146" hits="1022" branch="false"/>
						<line number="153" hits="0" branch="false"/>
						<line number="154" hits="0" branch="false"/>
						<line number="165" hits="6" branch="false"/>
						<line number="179" hits="0" branch="false"/>
						<line number="188" hits="0" branch="false"/>
						<line number="198" hits="0" branch="false"/>
						<line number="212" hits="0" branch="false"/>
						<line number="213" hits="0" branch="false"/>
						<line number="214" hits="0" branch="true" condition-coverage="0% (0/4)">
							<conditions>
								<condition number="0" type="jump" coverage="0%"/>
								<condition number="1" type="jump" coverage="0%"/>
							</conditions>
						</line>
						<line number="215" hits="0" branch="false"/>
						<line number="217" hits="0" branch="true" condition-coverage="0% (0/2)">
							<conditions>
								<condition number="0" type="jump" coverage="0%"/>
							</conditions>
						</line>
						<line number="226" hits="0" branch="false"/>
						<line number="236" hits="0" branch="false"/>
						<line number="246" hits="688" branch="false"/>
						<line number="255" hits="0" branch="false"/>
						<line number="264" hits="0" branch="false"/>
						<line number="265" hits="0" branch="false"/>
						<line number="275" hits="0" branch="false"/>
						<line number="276" hits="0" branch="true" condition-coverage="0% (0/2)">
							<conditions>
								<condition number="0" type="jump" coverage="0%"/>
							</conditions>
						</line>
						<line number="277" hits="0" branch="true" condition-coverage="0% (0/2)">
							<conditions>
								<condition number="0" type="jump" coverage="0%"/>
							</conditions>
						</line>
						<line number="279" hits="0" branch="false"/>
						<line number="280" hits="0" branch="false"/>
						<line number="281" hits="0" branch="false"/>
						<line number="284" hits="0" branch="false"/>
						<line number="285" hits="0" branch="false"/>
						<line number="286" hits="0" branch="true" condition-coverage="0% (0/2)">
							<conditions>
								<condition number="0" type="jump" coverage="0%"/>
							</conditions>
						</line>
						<line number="287" hits="0" branch="false"/>
						<line number="288" hits="0" branch="false"/>
						<line number="290" hits="0" branch="false"/>
						<line number="299" hits="0" branch="true" condition-coverage="0% (0/2)">
							<conditions>
								<condition number="0" type="jump" coverage="0%"/>
							</conditions>
						</line>
						<line number="300" hits="0" branch="false"/>
						<line number="303" hits="0" branch="false"/>
						<line number="304" hits="0" branch="false"/>
						<line number="305" hits="0" branch="true" condition-coverage="0% (0/2)">
							<conditions>
								<condition number="0" type="jump" coverage="0%"/>
							</conditions>
						</line>
						<line number="306" hits="0" branch="false"/>
						<line number="307" hits="0" branch="true" condition-coverage="0% (0/2)">
							<conditions>
								<condition number="0" type="jump" coverage="0%"/>
							</conditions>
						</line>
						<line number="308" hits="0" branch="false"/>
						<line number="309" hits="0" branch="false"/>
						<line number="310" hits="0" branch="true" condition-coverage="0% (0/4)">
							<conditions>
								<condition number="0" type="jump" coverage="0%"/>
								<condition number="1" type="jump" coverage="0%"/>
							</conditions>
						</line>
						<line number="311" hits="0" branch="false"/>
						<line number="312" hits="0" branch="true" condition-coverage="0% (0/2)">
							<conditions>
								<condition number="0" type="jump" coverage="0%"/>
							</conditions>
						</line>
						<line number="313" hits="0" branch="false"/>
						<line number="316" hits="0" branch="false"/>
						<line number="318" hits="0" branch="false"/>
						<line number="319" hits="0" branch="true" condition-coverage="0% (0/2)">
							<conditions>
								<condition number="0" type="jump" coverage="0%"/>
							</conditions>
						</line>
						<line number="320" hits="0" branch="false"/>
						<line number="321" hits="0" branch="false"/>
						<line number="323" hits="0" branch="false"/>
						<line number="324" hits="0" branch="true" condition-coverage="0% (0/2)">
							<conditions>
								<condition number="0" type="jump" coverage="0%"/>
							</conditions>
						</line>
						<line number="326" hits="0" branch="false"/>
						<line number="329" hits="0" branch="false"/>
						<line number="332" hits="98" branch="true" condition-coverage="50% (2/4)">
							<conditions>
								<condition number="0" type="jump" coverage="50%"/>
								<condition number="1" type="jump" coverage="50%"/>
							</conditions>
						</line>
					</lines>
				</class>
				<class name="org.universAAL.ui.ui.handler.web.html.HTTPHandlerService" filename="org/universAAL/ui/ui/handler/web/html/HTTPHandlerService.java" line-rate="0.0" branch-rate="0.0" complexity="2.2142857142857144">
					<methods>
						<method name="&lt;init&gt;" signature="(Lorg/universAAL/middleware/container/ModuleContext;Ljava/io/File;)V" line-rate="0.0" branch-rate="1.0" complexity="0">
							<lines>
								<line number="87" hits="0" branch="false"/>
								<line number="93" hits="0" branch="false"/>
								<line number="98" hits="0" branch="false"/>
								<line number="104" hits="0" branch="false"/>
								<line number="105" hits="0" branch="false"/>
								<line number="106" hits="0" branch="false"/>
								<line number="135" hits="0" branch="false"/>
								<line number="137" hits="0" branch="false"/>
								<line number="138" hits="0" branch="false"/>
								<line number="139" hits="0" branch="false"/>
								<line number="141" hits="0" branch="false"/>
								<line number="142" hits="0" branch="false"/>
							</lines>
						</method>
						<method name="access$000" signature="(Lorg/universAAL/ui/ui/handler/web/html/HTTPHandlerService;)Ljava/lang/String;" line-rate="1.0" branch-rate="1.0" complexity="0">
							<lines>
							</lines>
						</method>
						<method name="access$100" signature="(Lorg/universAAL/ui/ui/handler/web/html/HTTPHandlerService;)Lorg/universAAL/ui/ui/handler/web/html/UpdatedPropertiesFile;" line-rate="1.0" branch-rate="1.0" complexity="0">
							<lines>
							</lines>
						</method>
						<method name="access$200" signature="(Lorg/universAAL/ui/ui/handler/web/html/HTTPHandlerService;)Ljava/util/Hashtable;" line-rate="1.0" branch-rate="1.0" complexity="0">
							<lines>
							</lines>
						</method>
						<method name="access$300" signature="(Lorg/universAAL/ui/ui/handler/web/html/HTTPHandlerService;)Ljava/util/Hashtable;" line-rate="0.0" branch-rate="1.0" complexity="0">
							<lines>
								<line number="46" hits="0" branch="false"/>
							</lines>
						</method>
						<method name="dataDir" signature="()Ljava/lang/String;" line-rate="0.0" branch-rate="1.0" complexity="0">
							<lines>
								<line number="146" hits="0" branch="false"/>
							</lines>
						</method>
						<method name="doGet" signature="(Ljavax/servlet/http/HttpServletRequest;Ljavax/servlet/http/HttpServletResponse;)V" line-rate="0.0" branch-rate="0.0" complexity="0">
							<lines>
								<line number="188" hits="0" branch="true" condition-coverage="0% (0/2)">
									<conditions>
										<condition number="0" type="jump" coverage="0%"/>
									</conditions>
								</line>
								<line number="189" hits="0" branch="false"/>
								<line number="190" hits="0" branch="true" condition-coverage="0% (0/4)">
									<conditions>
										<condition number="0" type="jump" coverage="0%"/>
										<condition number="1" type="jump" coverage="0%"/>
									</conditions>
								</line>
								<line number="191" hits="0" branch="false"/>
								<line number="192" hits="0" branch="false"/>
								<line number="194" hits="0" branch="false"/>
								<line number="195" hits="0" branch="false"/>
								<line number="196" hits="0" branch="false"/>
								<line number="197" hits="0" branch="false"/>
								<line number="198" hits="0" branch="false"/>
								<line number="199" hits="0" branch="false"/>
								<line number="201" hits="0" branch="false"/>
								<line number="202" hits="0" branch="false"/>
								<line number="203" hits="0" branch="false"/>
								<line number="204" hits="0" branch="false"/>
								<line number="207" hits="0" branch="false"/>
							</lines>
						</method>
						<method name="doGetFile" signature="(Ljavax/servlet/http/HttpServletRequest;Ljavax/servlet/http/HttpServletResponse;)V" line-rate="0.0" branch-rate="0.0" complexity="0">
							<lines>
								<line number="157" hits="0" branch="false"/>
								<line number="161" hits="0" branch="false"/>
								<line number="163" hits="0" branch="false"/>
								<line number="164" hits="0" branch="true" condition-coverage="0% (0/2)">
									<conditions>
										<condition number="0" type="jump" coverage="0%"/>
									</conditions>
								</line>
								<line number="165" hits="0" branch="false"/>
								<line number="168" hits="0" branch="false"/>
								<line number="170" hits="0" branch="false"/>
								<line number="171" hits="0" branch="true" condition-coverage="0% (0/2)">
									<conditions>
										<condition number="0" type="jump" coverage="0%"/>
									</conditions>
								</line>
								<line number="172" hits="0" branch="false"/>
								<line number="173" hits="0" branch="false"/>
								<line number="175" hits="0" branch="false"/>
								<line number="176" hits="0" branch="false"/>
								<line number="177" hits="0" branch="false"/>
								<line number="178" hits="0" branch="true" condition-coverage="0% (0/2)">
									<conditions>
										<condition number="0" type="jump" coverage="0%"/>
									</conditions>
								</line>
								<line number="179" hits="0" branch="false"/>
								<line number="181" hits="0" branch="false"/>
								<line number="182" hits="0" branch="false"/>
								<line number="183" hits="0" branch="false"/>
								<line number="184" hits="0" branch="false"/>
							</lines>
						</method>
						<method name="doPost" signature="(Ljavax/servlet/http/HttpServletRequest;Ljavax/servlet/http/HttpServletResponse;)V" line-rate="0.0" branch-rate="0.0" complexity="0">
							<lines>
								<line number="227" hits="0" branch="true" condition-coverage="0% (0/2)">
									<conditions>
										<condition number="0" type="jump" coverage="0%"/>
									</conditions>
								</line>
								<line number="228" hits="0" branch="false"/>
								<line number="229" hits="0" branch="false"/>
								<line number="230" hits="0" branch="false"/>
								<line number="231" hits="0" branch="false"/>
								<line number="232" hits="0" branch="false"/>
								<line number="233" hits="0" branch="false"/>
								<line number="235" hits="0" branch="false"/>
								<line number="237" hits="0" branch="false"/>
								<line number="240" hits="0" branch="false"/>
							</lines>
						</method>
						<method name="getGenerator" signature="(Lorg/universAAL/ontology/profile/User;)Lorg/universAAL/ui/ui/handler/web/html/HTMLUserGenerator;" line-rate="0.0" branch-rate="0.0" complexity="0">
							<lines>
								<line number="214" hits="0" branch="true" condition-coverage="0% (0/2)">
									<conditions>
										<condition number="0" type="jump" coverage="0%"/>
									</conditions>
								</line>
								<line number="215" hits="0" branch="false"/>
								<line number="217" hits="0" branch="true" condition-coverage="0% (0/2)">
									<conditions>
										<condition number="0" type="jump" coverage="0%"/>
									</conditions>
								</line>
								<line number="218" hits="0" branch="false"/>
								<line number="219" hits="0" branch="true" condition-coverage="0% (0/2)">
									<conditions>
										<condition number="0" type="jump" coverage="0%"/>
									</conditions>
								</line>
								<line number="220" hits="0" branch="false"/>
								<line number="222" hits="0" branch="false"/>
							</lines>
						</method>
						<method name="unregister" signature="()Z" line-rate="0.0" branch-rate="0.0" complexity="0">
							<lines>
								<line number="283" hits="0" branch="false"/>
								<line number="284" hits="0" branch="false"/>
								<line number="285" hits="0" branch="true" condition-coverage="0% (0/2)">
									<conditions>
										<condition number="0" type="jump" coverage="0%"/>
									</conditions>
								</line>
								<line number="286" hits="0" branch="false"/>
								<line number="287" hits="0" branch="false"/>
								<line number="288" hits="0" branch="false"/>
								<line number="289" hits="0" branch="false"/>
								<line number="290" hits="0" branch="false"/>
							</lines>
						</method>
						<method name="url" signature="()Ljava/lang/String;" line-rate="0.0" branch-rate="1.0" complexity="0">
							<lines>
								<line number="151" hits="0" branch="false"/>
							</lines>
						</method>
					</methods>
					<lines>
						<line number="46" hits="0" branch="false"/>
						<line number="87" hits="0" branch="false"/>
						<line number="93" hits="0" branch="false"/>
						<line number="98" hits="0" branch="false"/>
						<line number="104" hits="0" branch="false"/>
						<line number="105" hits="0" branch="false"/>
						<line number="106" hits="0" branch="false"/>
						<line number="135" hits="0" branch="false"/>
						<line number="137" hits="0" branch="false"/>
						<line number="138" hits="0" branch="false"/>
						<line number="139" hits="0" branch="false"/>
						<line number="141" hits="0" branch="false"/>
						<line number="142" hits="0" branch="false"/>
						<line number="146" hits="0" branch="false"/>
						<line number="151" hits="0" branch="false"/>
						<line number="157" hits="0" branch="false"/>
						<line number="161" hits="0" branch="false"/>
						<line number="163" hits="0" branch="false"/>
						<line number="164" hits="0" branch="true" condition-coverage="0% (0/2)">
							<conditions>
								<condition number="0" type="jump" coverage="0%"/>
							</conditions>
						</line>
						<line number="165" hits="0" branch="false"/>
						<line number="168" hits="0" branch="false"/>
						<line number="170" hits="0" branch="false"/>
						<line number="171" hits="0" branch="true" condition-coverage="0% (0/2)">
							<conditions>
								<condition number="0" type="jump" coverage="0%"/>
							</conditions>
						</line>
						<line number="172" hits="0" branch="false"/>
						<line number="173" hits="0" branch="false"/>
						<line number="175" hits="0" branch="false"/>
						<line number="176" hits="0" branch="false"/>
						<line number="177" hits="0" branch="false"/>
						<line number="178" hits="0" branch="true" condition-coverage="0% (0/2)">
							<conditions>
								<condition number="0" type="jump" coverage="0%"/>
							</conditions>
						</line>
						<line number="179" hits="0" branch="false"/>
						<line number="181" hits="0" branch="false"/>
						<line number="182" hits="0" branch="false"/>
						<line number="183" hits="0" branch="false"/>
						<line number="184" hits="0" branch="false"/>
						<line number="188" hits="0" branch="true" condition-coverage="0% (0/2)">
							<conditions>
								<condition number="0" type="jump" coverage="0%"/>
							</conditions>
						</line>
						<line number="189" hits="0" branch="false"/>
						<line number="190" hits="0" branch="true" condition-coverage="0% (0/4)">
							<conditions>
								<condition number="0" type="jump" coverage="0%"/>
								<condition number="1" type="jump" coverage="0%"/>
							</conditions>
						</line>
						<line number="191" hits="0" branch="false"/>
						<line number="192" hits="0" branch="false"/>
						<line number="194" hits="0" branch="false"/>
						<line number="195" hits="0" branch="false"/>
						<line number="196" hits="0" branch="false"/>
						<line number="197" hits="0" branch="false"/>
						<line number="198" hits="0" branch="false"/>
						<line number="199" hits="0" branch="false"/>
						<line number="201" hits="0" branch="false"/>
						<line number="202" hits="0" branch="false"/>
						<line number="203" hits="0" branch="false"/>
						<line number="204" hits="0" branch="false"/>
						<line number="207" hits="0" branch="false"/>
						<line number="214" hits="0" branch="true" condition-coverage="0% (0/2)">
							<conditions>
								<condition number="0" type="jump" coverage="0%"/>
							</conditions>
						</line>
						<line number="215" hits="0" branch="false"/>
						<line number="217" hits="0" branch="true" condition-coverage="0% (0/2)">
							<conditions>
								<condition number="0" type="jump" coverage="0%"/>
							</conditions>
						</line>
						<line number="218" hits="0" branch="false"/>
						<line number="219" hits="0" branch="true" condition-coverage="0% (0/2)">
							<conditions>
								<condition number="0" type="jump" coverage="0%"/>
							</conditions>
						</line>
						<line number="220" hits="0" branch="false"/>
						<line number="222" hits="0" branch="false"/>
						<line number="227" hits="0" branch="true" condition-coverage="0% (0/2)">
							<conditions>
								<condition number="0" type="jump" coverage="0%"/>
							</conditions>
						</line>
						<line number="228" hits="0" branch="false"/>
						<line number="229" hits="0" branch="false"/>
						<line number="230" hits="0" branch="false"/>
						<line number="231" hits="0" branch="false"/>
						<line number="232" hits="0" branch="false"/>
						<line number="233" hits="0" branch="false"/>
						<line number="235" hits="0" branch="false"/>
						<line number="237" hits="0" branch="false"/>
						<line number="240" hits="0" branch="false"/>
						<line number="283" hits="0" branch="false"/>
						<line number="284" hits="0" branch="false"/>
						<line number="285" hits="0" branch="true" condition-coverage="0% (0/2)">
							<conditions>
								<condition number="0" type="jump" coverage="0%"/>
							</conditions>
						</line>
						<line number="286" hits="0" branch="false"/>
						<line number="287" hits="0" branch="false"/>
						<line number="288" hits="0" branch="false"/>
						<line number="289" hits="0" branch="false"/>
						<line number="290" hits="0" branch="false"/>
					</lines>
				</class>
				<class name="org.universAAL.ui.ui.handler.web.html.HTTPHandlerService$1" filename="org/universAAL/ui/ui/handler/web/html/HTTPHandlerService.java" line-rate="0.0" branch-rate="1.0" complexity="2.2142857142857144">
					<methods>
						<method name="&lt;init&gt;" signature="(Lorg/universAAL/ui/ui/handler/web/html/HTTPHandlerService;Ljava/io/File;Lorg/universAAL/middleware/container/ModuleContext;)V" line-rate="0.0" branch-rate="1.0" complexity="0">
							<lines>
								<line number="106" hits="0" branch="false"/>
							</lines>
						</method>
						<method name="addDefaults" signature="(Ljava/util/Properties;)V" line-rate="0.0" branch-rate="1.0" complexity="0">
							<lines>
								<line number="118" hits="0" branch="false"/>
								<line number="119" hits="0" branch="false"/>
								<line number="122" hits="0" branch="false"/>
								<line number="123" hits="0" branch="false"/>
								<line number="124" hits="0" branch="false"/>
								<line number="125" hits="0" branch="false"/>
								<line number="126" hits="0" branch="false"/>
								<line number="127" hits="0" branch="false"/>
								<line number="129" hits="0" branch="false"/>
								<line number="130" hits="0" branch="false"/>
								<line number="131" hits="0" branch="false"/>
								<line number="132" hits="0" branch="false"/>
							</lines>
						</method>
						<method name="getComments" signature="()Ljava/lang/String;" line-rate="0.0" branch-rate="1.0" complexity="0">
							<lines>
								<line number="114" hits="0" branch="false"/>
							</lines>
						</method>
					</methods>
					<lines>
						<line number="106" hits="0" branch="false"/>
						<line number="114" hits="0" branch="false"/>
						<line number="118" hits="0" branch="false"/>
						<line number="119" hits="0" branch="false"/>
						<line number="122" hits="0" branch="false"/>
						<line number="123" hits="0" branch="false"/>
						<line number="124" hits="0" branch="false"/>
						<line number="125" hits="0" branch="false"/>
						<line number="126" hits="0" branch="false"/>
						<line number="127" hits="0" branch="false"/>
						<line number="129" hits="0" branch="false"/>
						<line number="130" hits="0" branch="false"/>
						<line number="131" hits="0" branch="false"/>
						<line number="132" hits="0" branch="false"/>
					</lines>
				</class>
				<class name="org.universAAL.ui.ui.handler.web.html.HTTPHandlerService$Watchdog" filename="org/universAAL/ui/ui/handler/web/html/HTTPHandlerService.java" line-rate="0.0" branch-rate="0.0" complexity="2.2142857142857144">
					<methods>
						<method name="&lt;init&gt;" signature="(Lorg/universAAL/ui/ui/handler/web/html/HTTPHandlerService;Lorg/universAAL/ontology/profile/User;)V" line-rate="0.0" branch-rate="1.0" complexity="0">
							<lines>
								<line number="251" hits="0" branch="false"/>
								<line number="252" hits="0" branch="false"/>
								<line number="253" hits="0" branch="false"/>
								<line number="254" hits="0" branch="false"/>
								<line number="255" hits="0" branch="false"/>
							</lines>
						</method>
						<method name="liveForAnotherDay" signature="()V" line-rate="0.0" branch-rate="1.0" complexity="0">
							<lines>
								<line number="262" hits="0" branch="false"/>
								<line number="263" hits="0" branch="false"/>
								<line number="264" hits="0" branch="false"/>
							</lines>
						</method>
						<method name="reschedule" signature="()V" line-rate="0.0" branch-rate="1.0" complexity="0">
							<lines>
								<line number="258" hits="0" branch="false"/>
								<line number="259" hits="0" branch="false"/>
							</lines>
						</method>
						<method name="run" signature="()V" line-rate="0.0" branch-rate="0.0" complexity="0">
							<lines>
								<line number="268" hits="0" branch="true" condition-coverage="0% (0/2)">
									<conditions>
										<condition number="0" type="jump" coverage="0%"/>
									</conditions>
								</line>
								<line number="269" hits="0" branch="false"/>
								<line number="270" hits="0" branch="true" condition-coverage="0% (0/2)">
									<conditions>
										<condition number="0" type="jump" coverage="0%"/>
									</conditions>
								</line>
								<line number="271" hits="0" branch="false"/>
								<line number="272" hits="0" branch="false"/>
								<line number="273" hits="0" branch="false"/>
								<line number="275" hits="0" branch="false"/>
								<line number="276" hits="0" branch="false"/>
								<line number="277" hits="0" branch="false"/>
							</lines>
						</method>
					</methods>
					<lines>
						<line number="251" hits="0" branch="false"/>
						<line number="252" hits="0" branch="false"/>
						<line number="253" hits="0" branch="false"/>
						<line number="254" hits="0" branch="false"/>
						<line number="255" hits="0" branch="false"/>
						<line number="258" hits="0" branch="false"/>
						<line number="259" hits="0" branch="false"/>
						<line number="262" hits="0" branch="false"/>
						<line number="263" hits="0" branch="false"/>
						<line number="264" hits="0" branch="false"/>
						<line number="268" hits="0" branch="true" condition-coverage="0% (0/2)">
							<conditions>
								<condition number="0" type="jump" coverage="0%"/>
							</conditions>
						</line>
						<line number="269" hits="0" branch="false"/>
						<line number="270" hits="0" branch="true" condition-coverage="0% (0/2)">
							<conditions>
								<condition number="0" type="jump" coverage="0%"/>
							</conditions>
						</line>
						<line number="271" hits="0" branch="false"/>
						<line number="272" hits="0" branch="false"/>
						<line number="273" hits="0" branch="false"/>
						<line number="275" hits="0" branch="false"/>
						<line number="276" hits="0" branch="false"/>
						<line number="277" hits="0" branch="false"/>
					</lines>
				</class>
				<class name="org.universAAL.ui.ui.handler.web.html.Handler" filename="org/universAAL/ui/ui/handler/web/html/Handler.java" line-rate="0.0" branch-rate="1.0" complexity="1.0">
					<methods>
						<method name="&lt;init&gt;" signature="(Lorg/universAAL/middleware/container/ModuleContext;Lorg/universAAL/middleware/ui/UIHandlerProfile;)V" line-rate="0.0" branch-rate="1.0" complexity="0">
							<lines>
								<line number="58" hits="0" branch="false"/>
								<line number="59" hits="0" branch="false"/>
							</lines>
						</method>
						<method name="&lt;init&gt;" signature="(Lorg/universAAL/ui/ui/handler/web/html/HTMLUserGenerator;Lorg/universAAL/ontology/profile/User;)V" line-rate="0.0" branch-rate="1.0" complexity="0">
							<lines>
								<line number="69" hits="0" branch="false"/>
								<line number="80" hits="0" branch="false"/>
								<line number="81" hits="0" branch="false"/>
								<line number="82" hits="0" branch="false"/>
								<line number="83" hits="0" branch="false"/>
							</lines>
						</method>
						<method name="adaptationParametersChanged" signature="(Ljava/lang/String;Ljava/lang/String;Ljava/lang/Object;)V" line-rate="0.0" branch-rate="1.0" complexity="0">
							<lines>
								<line number="87" hits="0" branch="false"/>
								<line number="88" hits="0" branch="false"/>
								<line number="89" hits="0" branch="false"/>
								<line number="91" hits="0" branch="false"/>
								<line number="92" hits="0" branch="false"/>
								<line number="93" hits="0" branch="false"/>
							</lines>
						</method>
						<method name="communicationChannelBroken" signature="()V" line-rate="0.0" branch-rate="1.0" complexity="0">
							<lines>
								<line number="98" hits="0" branch="false"/>
							</lines>
						</method>
						<method name="cutDialog" signature="(Ljava/lang/String;)Lorg/universAAL/middleware/rdf/Resource;" line-rate="0.0" branch-rate="1.0" complexity="0">
							<lines>
								<line number="102" hits="0" branch="false"/>
							</lines>
						</method>
						<method name="getCurrentUser" signature="()Lorg/universAAL/ontology/profile/User;" line-rate="0.0" branch-rate="1.0" complexity="0">
							<lines>
								<line number="121" hits="0" branch="false"/>
							</lines>
						</method>
						<method name="getPermanentSubscriptions" signature="(Lorg/universAAL/ontology/profile/User;Lorg/universAAL/middleware/owl/supply/AbsLocation;)Lorg/universAAL/middleware/ui/UIHandlerProfile;" line-rate="0.0" branch-rate="1.0" complexity="0">
							<lines>
								<line number="149" hits="0" branch="false"/>
								<line number="150" hits="0" branch="false"/>
								<line number="151" hits="0" branch="false"/>
								<line number="152" hits="0" branch="false"/>
								<line number="153" hits="0" branch="false"/>
								<line number="154" hits="0" branch="false"/>
								<line number="155" hits="0" branch="false"/>
							</lines>
						</method>
						<method name="handleUICall" signature="(Lorg/universAAL/middleware/ui/UIRequest;)V" line-rate="0.0" branch-rate="1.0" complexity="0">
							<lines>
								<line number="111" hits="0" branch="false"/>
								<line number="112" hits="0" branch="false"/>
								<line number="113" hits="0" branch="false"/>
							</lines>
						</method>
						<method name="submit" signature="(Lorg/universAAL/middleware/ui/rdf/Submit;)V" line-rate="0.0" branch-rate="1.0" complexity="0">
							<lines>
								<line number="131" hits="0" branch="false"/>
								<line number="132" hits="0" branch="false"/>
							</lines>
						</method>
					</methods>
					<lines>
						<line number="58" hits="0" branch="false"/>
						<line number="59" hits="0" branch="false"/>
						<line number="69" hits="0" branch="false"/>
						<line number="80" hits="0" branch="false"/>
						<line number="81" hits="0" branch="false"/>
						<line number="82" hits="0" branch="false"/>
						<line number="83" hits="0" branch="false"/>
						<line number="87" hits="0" branch="false"/>
						<line number="88" hits="0" branch="false"/>
						<line number="89" hits="0" branch="false"/>
						<line number="91" hits="0" branch="false"/>
						<line number="92" hits="0" branch="false"/>
						<line number="93" hits="0" branch="false"/>
						<line number="98" hits="0" branch="false"/>
						<line number="102" hits="0" branch="false"/>
						<line number="111" hits="0" branch="false"/>
						<line number="112" hits="0" branch="false"/>
						<line number="113" hits="0" branch="false"/>
						<line number="121" hits="0" branch="false"/>
						<line number="131" hits="0" branch="false"/>
						<line number="132" hits="0" branch="false"/>
						<line number="149" hits="0" branch="false"/>
						<line number="150" hits="0" branch="false"/>
						<line number="151" hits="0" branch="false"/>
						<line number="152" hits="0" branch="false"/>
						<line number="153" hits="0" branch="false"/>
						<line number="154" hits="0" branch="false"/>
						<line number="155" hits="0" branch="false"/>
					</lines>
				</class>
				<class name="org.universAAL.ui.ui.handler.web.html.ModelMapper" filename="org/universAAL/ui/ui/handler/web/html/ModelMapper.java" line-rate="0.8076923076923077" branch-rate="0.75" complexity="2.8">
					<methods>
						<method name="&lt;clinit&gt;" signature="()V" line-rate="1.0" branch-rate="1.0" complexity="0">
							<lines>
								<line number="55" hits="1" branch="false"/>
							</lines>
						</method>
						<method name="&lt;init&gt;" signature="(Lorg/universAAL/ui/ui/handler/web/html/HTMLUserGenerator;)V" line-rate="1.0" branch-rate="1.0" complexity="0">
							<lines>
								<line number="68" hits="3" branch="false"/>
								<line number="69" hits="3" branch="false"/>
								<line number="70" hits="3" branch="false"/>
							</lines>
						</method>
						<method name="class$" signature="(Ljava/lang/String;)Ljava/lang/Class;" line-rate="1.0" branch-rate="1.0" complexity="0">
							<lines>
								<line number="103" hits="4" branch="false"/>
							</lines>
						</method>
						<method name="getModelFor" signature="(Ljava/lang/Object;Ljava/lang/Class;)Ljava/lang/Object;" line-rate="0.875" branch-rate="0.8" complexity="0">
							<lines>
								<line number="137" hits="1198" branch="false"/>
								<line number="138" hits="1198" branch="true" condition-coverage="100% (2/2)">
									<conditions>
										<condition number="0" type="jump" coverage="100%"/>
									</conditions>
								</line>
								<line number="140" hits="508" branch="false"/>
								<line number="142" hits="508" branch="true" condition-coverage="75% (6/8)">
									<conditions>
										<condition number="0" type="jump" coverage="100%"/>
										<condition number="1" type="jump" coverage="50%"/>
										<condition number="2" type="jump" coverage="100%"/>
										<condition number="3" type="jump" coverage="50%"/>
									</conditions>
								</line>
								<line number="143" hits="508" branch="false"/>
								<line number="145" hits="508" branch="false"/>
								<line number="147" hits="0" branch="false"/>
								<line number="152" hits="690" branch="false"/>
							</lines>
						</method>
						<method name="getModelFor" signature="(Lorg/universAAL/middleware/ui/rdf/FormElement;)Lorg/universAAL/ui/ui/handler/web/html/model/Model;" line-rate="0.6666666666666666" branch-rate="0.5" complexity="0">
							<lines>
								<line number="163" hits="690" branch="true" condition-coverage="50% (1/2)">
									<conditions>
										<condition number="0" type="jump" coverage="50%"/>
									</conditions>
								</line>
								<line number="164" hits="0" branch="false"/>
								<line number="165" hits="690" branch="false"/>
							</lines>
						</method>
						<method name="getStringLAFClass" signature="(Ljava/lang/Class;)Ljava/lang/String;" line-rate="1.0" branch-rate="1.0" complexity="0">
							<lines>
								<line number="81" hits="1198" branch="false"/>
								<line number="82" hits="1198" branch="false"/>
							</lines>
						</method>
						<method name="tryToLoadClass" signature="(Ljava/lang/String;Ljava/lang/Object;Ljava/lang/Class;)Ljava/lang/Object;" line-rate="0.625" branch-rate="0.75" complexity="0">
							<lines>
								<line number="102" hits="1198" branch="true" condition-coverage="100% (2/2)">
									<conditions>
										<condition number="0" type="jump" coverage="100%"/>
									</conditions>
								</line>
								<line number="104" hits="690" branch="false"/>
								<line number="105" hits="508" branch="false"/>
								<line number="106" hits="508" branch="true" condition-coverage="50% (1/2)">
									<conditions>
										<condition number="0" type="jump" coverage="50%"/>
									</conditions>
								</line>
								<line number="107" hits="0" branch="false"/>
								<line number="108" hits="0" branch="false"/>
								<line number="109" hits="0" branch="false"/>
								<line number="112" hits="508" branch="false"/>
							</lines>
						</method>
					</methods>
					<lines>
						<line number="55" hits="1" branch="false"/>
						<line number="68" hits="3" branch="false"/>
						<line number="69" hits="3" branch="false"/>
						<line number="70" hits="3" branch="false"/>
						<line number="81" hits="1198" branch="false"/>
						<line number="82" hits="1198" branch="false"/>
						<line number="102" hits="1198" branch="true" condition-coverage="100% (2/2)">
							<conditions>
								<condition number="0" type="jump" coverage="100%"/>
							</conditions>
						</line>
						<line number="103" hits="4" branch="false"/>
						<line number="104" hits="690" branch="false"/>
						<line number="105" hits="508" branch="false"/>
						<line number="106" hits="508" branch="true" condition-coverage="50% (1/2)">
							<conditions>
								<condition number="0" type="jump" coverage="50%"/>
							</conditions>
						</line>
						<line number="107" hits="0" branch="false"/>
						<line number="108" hits="0" branch="false"/>
						<line number="109" hits="0" branch="false"/>
						<line number="112" hits="508" branch="false"/>
						<line number="137" hits="1198" branch="false"/>
						<line number="138" hits="1198" branch="true" condition-coverage="100% (2/2)">
							<conditions>
								<condition number="0" type="jump" coverage="100%"/>
							</conditions>
						</line>
						<line number="140" hits="508" branch="false"/>
						<line number="142" hits="508" branch="true" condition-coverage="75% (6/8)">
							<conditions>
								<condition number="0" type="jump" coverage="100%"/>
								<condition number="1" type="jump" coverage="50%"/>
								<condition number="2" type="jump" coverage="100%"/>
								<condition number="3" type="jump" coverage="50%"/>
							</conditions>
						</line>
						<line number="143" hits="508" branch="false"/>
						<line number="145" hits="508" branch="false"/>
						<line number="147" hits="0" branch="false"/>
						<line number="152" hits="690" branch="false"/>
						<line number="163" hits="690" branch="true" condition-coverage="50% (1/2)">
							<conditions>
								<condition number="0" type="jump" coverage="50%"/>
							</conditions>
						</line>
						<line number="164" hits="0" branch="false"/>
						<line number="165" hits="690" branch="false"/>
					</lines>
				</class>
				<class name="org.universAAL.ui.ui.handler.web.html.ResourceMapper" filename="org/universAAL/ui/ui/handler/web/html/ResourceMapper.java" line-rate="0.6447368421052632" branch-rate="0.38333333333333336" complexity="4.6923076923076925">
					<methods>
						<method name="&lt;clinit&gt;" signature="()V" line-rate="1.0" branch-rate="1.0" complexity="0">
							<lines>
								<line number="43" hits="1" branch="false"/>
							</lines>
						</method>
						<method name="&lt;init&gt;" signature="()V" line-rate="0.0" branch-rate="1.0" complexity="0">
							<lines>
								<line number="53" hits="0" branch="false"/>
								<line number="54" hits="0" branch="false"/>
							</lines>
						</method>
						<method name="cached" signature="(Ljava/lang/String;Ljava/lang/String;)Ljava/lang/String;" line-rate="0.75" branch-rate="0.5" complexity="0">
							<lines>
								<line number="68" hits="4" branch="false"/>
								<line number="69" hits="4" branch="true" condition-coverage="50% (1/2)">
									<conditions>
										<condition number="0" type="jump" coverage="50%"/>
									</conditions>
								</line>
								<line number="70" hits="4" branch="false"/>
								<line number="72" hits="0" branch="false"/>
							</lines>
						</method>
						<method name="cached" signature="(Ljava/lang/String;Ljava/net/URL;)Ljava/lang/String;" line-rate="0.7142857142857143" branch-rate="0.5" complexity="0">
							<lines>
								<line number="86" hits="6" branch="true" condition-coverage="50% (1/2)">
									<conditions>
										<condition number="0" type="jump" coverage="50%"/>
									</conditions>
								</line>
								<line number="87" hits="0" branch="false"/>
								<line number="88" hits="6" branch="false"/>
								<line number="89" hits="6" branch="true" condition-coverage="50% (1/2)">
									<conditions>
										<condition number="0" type="jump" coverage="50%"/>
									</conditions>
								</line>
								<line number="90" hits="6" branch="false"/>
								<line number="92" hits="0" branch="false"/>
								<line number="94" hits="6" branch="false"/>
								<line number="95" hits="6" branch="false"/>
								<line number="96" hits="6" branch="true" condition-coverage="75% (3/4)">
									<conditions>
										<condition number="0" type="jump" coverage="100%"/>
										<condition number="1" type="jump" coverage="50%"/>
									</conditions>
								</line>
								<line number="99" hits="3" branch="false"/>
								<line number="102" hits="0" branch="false"/>
								<line number="103" hits="0" branch="true" condition-coverage="0% (0/2)">
									<conditions>
										<condition number="0" type="jump" coverage="0%"/>
									</conditions>
								</line>
								<line number="106" hits="3" branch="false"/>
								<line number="108" hits="6" branch="false"/>
							</lines>
						</method>
						<method name="checkFolder" signature="(Ljava/lang/String;)Ljava/net/URL;" line-rate="0.2727272727272727" branch-rate="0.25" complexity="0">
							<lines>
								<line number="198" hits="3" branch="false"/>
								<line number="199" hits="3" branch="true" condition-coverage="50% (1/2)">
									<conditions>
										<condition number="0" type="jump" coverage="50%"/>
									</conditions>
								</line>
								<line number="200" hits="3" branch="false"/>
								<line number="202" hits="0" branch="false"/>
								<line number="204" hits="0" branch="false"/>
								<line number="207" hits="0" branch="true" condition-coverage="0% (0/2)">
									<conditions>
										<condition number="0" type="jump" coverage="0%"/>
									</conditions>
								</line>
								<line number="209" hits="0" branch="false"/>
								<line number="211" hits="0" branch="false"/>
								<line number="213" hits="0" branch="false"/>
								<line number="214" hits="0" branch="false"/>
								<line number="215" hits="0" branch="false"/>
							</lines>
						</method>
						<method name="class$" signature="(Ljava/lang/String;)Ljava/lang/Class;" line-rate="1.0" branch-rate="0.0" complexity="0">
							<lines>
								<line number="104" hits="1" branch="true" condition-coverage="0% (0/2)">
									<conditions>
										<condition number="0" type="jump" coverage="0%"/>
									</conditions>
								</line>
							</lines>
						</method>
						<method name="existsURL" signature="(Ljava/net/URL;)Z" line-rate="0.6666666666666666" branch-rate="1.0" complexity="0">
							<lines>
								<line number="163" hits="3" branch="false"/>
								<line number="164" hits="3" branch="false"/>
								<line number="165" hits="3" branch="false"/>
								<line number="166" hits="3" branch="false"/>
								<line number="167" hits="0" branch="false"/>
								<line number="168" hits="0" branch="false"/>
							</lines>
						</method>
						<method name="getConfigHome" signature="()Ljava/io/File;" line-rate="0.6666666666666666" branch-rate="0.5" complexity="0">
							<lines>
								<line number="220" hits="3" branch="true" condition-coverage="50% (1/2)">
									<conditions>
										<condition number="0" type="jump" coverage="50%"/>
									</conditions>
								</line>
								<line number="221" hits="3" branch="false"/>
								<line number="222" hits="0" branch="false"/>
							</lines>
						</method>
						<method name="search" signature="(Ljava/lang/String;)Ljava/net/URL;" line-rate="0.6" branch-rate="0.23076923076923078" complexity="0">
							<lines>
								<line number="122" hits="4" branch="true" condition-coverage="50% (1/2)">
									<conditions>
										<condition number="0" type="jump" coverage="50%"/>
									</conditions>
								</line>
								<line number="123" hits="0" branch="true" condition-coverage="0% (0/2)">
									<conditions>
										<condition number="0" type="jump" coverage="0%"/>
									</conditions>
								</line>
								<line number="124" hits="4" branch="false"/>
								<line number="125" hits="3" branch="true" condition-coverage="50% (1/2)">
									<conditions>
										<condition number="0" type="jump" coverage="50%"/>
									</conditions>
								</line>
								<line number="126" hits="3" branch="false"/>
								<line number="128" hits="0" branch="true" condition-coverage="0% (0/2)">
									<conditions>
										<condition number="0" type="jump" coverage="0%"/>
									</conditions>
								</line>
								<line number="129" hits="0" branch="true" condition-coverage="0% (0/2)">
									<conditions>
										<condition number="0" type="jump" coverage="0%"/>
									</conditions>
								</line>
								<line number="131" hits="0" branch="false"/>
								<line number="133" hits="1" branch="false"/>
								<line number="134" hits="1" branch="true" condition-coverage="50% (1/2)">
									<conditions>
										<condition number="0" type="jump" coverage="50%"/>
									</conditions>
								</line>
								<line number="135" hits="0" branch="true" condition-coverage="0% (0/2)">
									<conditions>
										<condition number="0" type="jump" coverage="0%"/>
									</conditions>
								</line>
								<line number="137" hits="1" branch="false"/>
								<line number="138" hits="1" branch="true" condition-coverage="50% (1/2)">
									<conditions>
										<condition number="0" type="jump" coverage="50%"/>
									</conditions>
								</line>
								<line number="139" hits="0" branch="false"/>
								<line number="141" hits="1" branch="true" condition-coverage="50% (1/2)">
									<conditions>
										<condition number="0" type="jump" coverage="50%"/>
									</conditions>
								</line>
								<line number="142" hits="0" branch="true" condition-coverage="0% (0/2)">
									<conditions>
										<condition number="0" type="jump" coverage="0%"/>
									</conditions>
								</line>
								<line number="144" hits="1" branch="false"/>
								<line number="145" hits="1" branch="true" condition-coverage="25% (1/4)">
									<conditions>
										<condition number="0" type="jump" coverage="50%"/>
										<condition number="1" type="jump" coverage="0%"/>
									</conditions>
								</line>
								<line number="146" hits="0" branch="true" condition-coverage="0% (0/2)">
									<conditions>
										<condition number="0" type="jump" coverage="0%"/>
									</conditions>
								</line>
								<line number="148" hits="1" branch="false"/>
							</lines>
						</method>
						<method name="searchFolder" signature="(Ljava/lang/String;)Ljava/net/URL;" line-rate="1.0" branch-rate="0.75" complexity="0">
							<lines>
								<line number="180" hits="1" branch="false"/>
								<line number="181" hits="1" branch="false"/>
								<line number="182" hits="4" branch="true" condition-coverage="75% (3/4)">
									<conditions>
										<condition number="0" type="jump" coverage="100%"/>
										<condition number="1" type="jump" coverage="50%"/>
									</conditions>
								</line>
								<line number="183" hits="3" branch="false"/>
								<line number="184" hits="3" branch="false"/>
								<line number="186" hits="1" branch="false"/>
							</lines>
						</method>
						<method name="searchResources" signature="(Ljava/lang/String;)Ljava/net/URL;" line-rate="0.875" branch-rate="0.6" complexity="0">
							<lines>
								<line number="233" hits="1" branch="true" condition-coverage="50% (2/4)">
									<conditions>
										<condition number="0" type="jump" coverage="50%"/>
										<condition number="1" type="jump" coverage="50%"/>
									</conditions>
								</line>
								<line number="234" hits="0" branch="false"/>
								<line number="236" hits="1" branch="false"/>
								<line number="237" hits="1" branch="false"/>
								<line number="238" hits="2" branch="true" condition-coverage="75% (3/4)">
									<conditions>
										<condition number="0" type="jump" coverage="50%"/>
										<condition number="1" type="jump" coverage="100%"/>
									</conditions>
								</line>
								<line number="241" hits="1" branch="true" condition-coverage="50% (1/2)">
									<conditions>
										<condition number="0" type="jump" coverage="50%"/>
									</conditions>
								</line>
								<line number="242" hits="1" branch="false"/>
								<line number="244" hits="1" branch="false"/>
							</lines>
						</method>
					</methods>
					<lines>
						<line number="43" hits="1" branch="false"/>
						<line number="53" hits="0" branch="false"/>
						<line number="54" hits="0" branch="false"/>
						<line number="68" hits="4" branch="false"/>
						<line number="69" hits="4" branch="true" condition-coverage="50% (1/2)">
							<conditions>
								<condition number="0" type="jump" coverage="50%"/>
							</conditions>
						</line>
						<line number="70" hits="4" branch="false"/>
						<line number="72" hits="0" branch="false"/>
						<line number="86" hits="6" branch="true" condition-coverage="50% (1/2)">
							<conditions>
								<condition number="0" type="jump" coverage="50%"/>
							</conditions>
						</line>
						<line number="87" hits="0" branch="false"/>
						<line number="88" hits="6" branch="false"/>
						<line number="89" hits="6" branch="true" condition-coverage="50% (1/2)">
							<conditions>
								<condition number="0" type="jump" coverage="50%"/>
							</conditions>
						</line>
						<line number="90" hits="6" branch="false"/>
						<line number="92" hits="0" branch="false"/>
						<line number="94" hits="6" branch="false"/>
						<line number="95" hits="6" branch="false"/>
						<line number="96" hits="6" branch="true" condition-coverage="75% (3/4)">
							<conditions>
								<condition number="0" type="jump" coverage="100%"/>
								<condition number="1" type="jump" coverage="50%"/>
							</conditions>
						</line>
						<line number="99" hits="3" branch="false"/>
						<line number="102" hits="0" branch="false"/>
						<line number="103" hits="0" branch="true" condition-coverage="0% (0/2)">
							<conditions>
								<condition number="0" type="jump" coverage="0%"/>
							</conditions>
						</line>
						<line number="104" hits="1" branch="true" condition-coverage="0% (0/2)">
							<conditions>
								<condition number="0" type="jump" coverage="0%"/>
							</conditions>
						</line>
						<line number="106" hits="3" branch="false"/>
						<line number="108" hits="6" branch="false"/>
						<line number="122" hits="4" branch="true" condition-coverage="50% (1/2)">
							<conditions>
								<condition number="0" type="jump" coverage="50%"/>
							</conditions>
						</line>
						<line number="123" hits="0" branch="true" condition-coverage="0% (0/2)">
							<conditions>
								<condition number="0" type="jump" coverage="0%"/>
							</conditions>
						</line>
						<line number="124" hits="4" branch="false"/>
						<line number="125" hits="3" branch="true" condition-coverage="50% (1/2)">
							<conditions>
								<condition number="0" type="jump" coverage="50%"/>
							</conditions>
						</line>
						<line number="126" hits="3" branch="false"/>
						<line number="128" hits="0" branch="true" condition-coverage="0% (0/2)">
							<conditions>
								<condition number="0" type="jump" coverage="0%"/>
							</conditions>
						</line>
						<line number="129" hits="0" branch="true" condition-coverage="0% (0/2)">
							<conditions>
								<condition number="0" type="jump" coverage="0%"/>
							</conditions>
						</line>
						<line number="131" hits="0" branch="false"/>
						<line number="133" hits="1" branch="false"/>
						<line number="134" hits="1" branch="true" condition-coverage="50% (1/2)">
							<conditions>
								<condition number="0" type="jump" coverage="50%"/>
							</conditions>
						</line>
						<line number="135" hits="0" branch="true" condition-coverage="0% (0/2)">
							<conditions>
								<condition number="0" type="jump" coverage="0%"/>
							</conditions>
						</line>
						<line number="137" hits="1" branch="false"/>
						<line number="138" hits="1" branch="true" condition-coverage="50% (1/2)">
							<conditions>
								<condition number="0" type="jump" coverage="50%"/>
							</conditions>
						</line>
						<line number="139" hits="0" branch="false"/>
						<line number="141" hits="1" branch="true" condition-coverage="50% (1/2)">
							<conditions>
								<condition number="0" type="jump" coverage="50%"/>
							</conditions>
						</line>
						<line number="142" hits="0" branch="true" condition-coverage="0% (0/2)">
							<conditions>
								<condition number="0" type="jump" coverage="0%"/>
							</conditions>
						</line>
						<line number="144" hits="1" branch="false"/>
						<line number="145" hits="1" branch="true" condition-coverage="25% (1/4)">
							<conditions>
								<condition number="0" type="jump" coverage="50%"/>
								<condition number="1" type="jump" coverage="0%"/>
							</conditions>
						</line>
						<line number="146" hits="0" branch="true" condition-coverage="0% (0/2)">
							<conditions>
								<condition number="0" type="jump" coverage="0%"/>
							</conditions>
						</line>
						<line number="148" hits="1" branch="false"/>
						<line number="163" hits="3" branch="false"/>
						<line number="164" hits="3" branch="false"/>
						<line number="165" hits="3" branch="false"/>
						<line number="166" hits="3" branch="false"/>
						<line number="167" hits="0" branch="false"/>
						<line number="168" hits="0" branch="false"/>
						<line number="180" hits="1" branch="false"/>
						<line number="181" hits="1" branch="false"/>
						<line number="182" hits="4" branch="true" condition-coverage="75% (3/4)">
							<conditions>
								<condition number="0" type="jump" coverage="100%"/>
								<condition number="1" type="jump" coverage="50%"/>
							</conditions>
						</line>
						<line number="183" hits="3" branch="false"/>
						<line number="184" hits="3" branch="false"/>
						<line number="186" hits="1" branch="false"/>
						<line number="198" hits="3" branch="false"/>
						<line number="199" hits="3" branch="true" condition-coverage="50% (1/2)">
							<conditions>
								<condition number="0" type="jump" coverage="50%"/>
							</conditions>
						</line>
						<line number="200" hits="3" branch="false"/>
						<line number="202" hits="0" branch="false"/>
						<line number="204" hits="0" branch="false"/>
						<line number="207" hits="0" branch="true" condition-coverage="0% (0/2)">
							<conditions>
								<condition number="0" type="jump" coverage="0%"/>
							</conditions>
						</line>
						<line number="209" hits="0" branch="false"/>
						<line number="211" hits="0" branch="false"/>
						<line number="213" hits="0" branch="false"/>
						<line number="214" hits="0" branch="false"/>
						<line number="215" hits="0" branch="false"/>
						<line number="220" hits="3" branch="true" condition-coverage="50% (1/2)">
							<conditions>
								<condition number="0" type="jump" coverage="50%"/>
							</conditions>
						</line>
						<line number="221" hits="3" branch="false"/>
						<line number="222" hits="0" branch="false"/>
						<line number="233" hits="1" branch="true" condition-coverage="50% (2/4)">
							<conditions>
								<condition number="0" type="jump" coverage="50%"/>
								<condition number="1" type="jump" coverage="50%"/>
							</conditions>
						</line>
						<line number="234" hits="0" branch="false"/>
						<line number="236" hits="1" branch="false"/>
						<line number="237" hits="1" branch="false"/>
						<line number="238" hits="2" branch="true" condition-coverage="75% (3/4)">
							<conditions>
								<condition number="0" type="jump" coverage="50%"/>
								<condition number="1" type="jump" coverage="100%"/>
							</conditions>
						</line>
						<line number="241" hits="1" branch="true" condition-coverage="50% (1/2)">
							<conditions>
								<condition number="0" type="jump" coverage="50%"/>
							</conditions>
						</line>
						<line number="242" hits="1" branch="false"/>
						<line number="244" hits="1" branch="false"/>
					</lines>
				</class>
				<class name="org.universAAL.ui.ui.handler.web.html.ResourceMapper$Retreiver" filename="org/universAAL/ui/ui/handler/web/html/ResourceMapper.java" line-rate="0.5142857142857142" branch-rate="0.2777777777777778" complexity="4.6923076923076925">
					<methods>
						<method name="&lt;init&gt;" signature="(Ljava/io/InputStream;Ljava/io/File;)V" line-rate="1.0" branch-rate="1.0" complexity="0">
							<lines>
								<line number="255" hits="3" branch="false"/>
								<line number="264" hits="3" branch="false"/>
								<line number="265" hits="3" branch="false"/>
								<line number="266" hits="3" branch="false"/>
								<line number="267" hits="3" branch="false"/>
								<line number="268" hits="3" branch="false"/>
							</lines>
						</method>
						<method name="finalize" signature="()V" line-rate="0.0" branch-rate="1.0" complexity="0">
							<lines>
								<line number="272" hits="0" branch="false"/>
								<line number="273" hits="0" branch="false"/>
								<line number="274" hits="0" branch="false"/>
							</lines>
						</method>
						<method name="finish" signature="()V" line-rate="0.0" branch-rate="1.0" complexity="0">
							<lines>
								<line number="313" hits="0" branch="false"/>
								<line number="314" hits="0" branch="false"/>
							</lines>
						</method>
						<method name="run" signature="()V" line-rate="0.5" branch-rate="0.2777777777777778" complexity="0">
							<lines>
								<line number="279" hits="3" branch="true" condition-coverage="25% (1/4)">
									<conditions>
										<condition number="0" type="jump" coverage="50%"/>
										<condition number="1" type="jump" coverage="0%"/>
									</conditions>
								</line>
								<line number="280" hits="3" branch="false"/>
								<line number="281" hits="3" branch="false"/>
								<line number="283" hits="26" branch="true" condition-coverage="75% (3/4)">
									<conditions>
										<condition number="0" type="jump" coverage="100%"/>
										<condition number="1" type="jump" coverage="50%"/>
									</conditions>
								</line>
								<line number="284" hits="23" branch="false"/>
								<line number="286" hits="3" branch="false"/>
								<line number="287" hits="3" branch="false"/>
								<line number="288" hits="3" branch="false"/>
								<line number="289" hits="3" branch="true" condition-coverage="50% (1/2)">
									<conditions>
										<condition number="0" type="jump" coverage="50%"/>
									</conditions>
								</line>
								<line number="290" hits="0" branch="false"/>
								<line number="293" hits="0" branch="false"/>
								<line number="294" hits="0" branch="true" condition-coverage="0% (0/2)">
									<conditions>
										<condition number="0" type="jump" coverage="0%"/>
									</conditions>
								</line>
								<line number="295" hits="0" branch="true" condition-coverage="0% (0/2)">
									<conditions>
										<condition number="0" type="jump" coverage="0%"/>
									</conditions>
								</line>
								<line number="296" hits="0" branch="false"/>
								<line number="298" hits="0" branch="false"/>
								<line number="299" hits="0" branch="true" condition-coverage="0% (0/2)">
									<conditions>
										<condition number="0" type="jump" coverage="0%"/>
									</conditions>
								</line>
								<line number="300" hits="0" branch="true" condition-coverage="0% (0/2)">
									<conditions>
										<condition number="0" type="jump" coverage="0%"/>
									</conditions>
								</line>
								<line number="303" hits="0" branch="false"/>
								<line number="304" hits="3" branch="false"/>
								<line number="305" hits="0" branch="false"/>
								<line number="306" hits="0" branch="false"/>
								<line number="307" hits="3" branch="false"/>
								<line number="308" hits="0" branch="false"/>
								<line number="310" hits="3" branch="false"/>
							</lines>
						</method>
					</methods>
					<lines>
						<line number="255" hits="3" branch="false"/>
						<line number="264" hits="3" branch="false"/>
						<line number="265" hits="3" branch="false"/>
						<line number="266" hits="3" branch="false"/>
						<line number="267" hits="3" branch="false"/>
						<line number="268" hits="3" branch="false"/>
						<line number="272" hits="0" branch="false"/>
						<line number="273" hits="0" branch="false"/>
						<line number="274" hits="0" branch="false"/>
						<line number="279" hits="3" branch="true" condition-coverage="25% (1/4)">
							<conditions>
								<condition number="0" type="jump" coverage="50%"/>
								<condition number="1" type="jump" coverage="0%"/>
							</conditions>
						</line>
						<line number="280" hits="3" branch="false"/>
						<line number="281" hits="3" branch="false"/>
						<line number="283" hits="26" branch="true" condition-coverage="75% (3/4)">
							<conditions>
								<condition number="0" type="jump" coverage="100%"/>
								<condition number="1" type="jump" coverage="50%"/>
							</conditions>
						</line>
						<line number="284" hits="23" branch="false"/>
						<line number="286" hits="3" branch="false"/>
						<line number="287" hits="3" branch="false"/>
						<line number="288" hits="3" branch="false"/>
						<line number="289" hits="3" branch="true" condition-coverage="50% (1/2)">
							<conditions>
								<condition number="0" type="jump" coverage="50%"/>
							</conditions>
						</line>
						<line number="290" hits="0" branch="false"/>
						<line number="293" hits="0" branch="false"/>
						<line number="294" hits="0" branch="true" condition-coverage="0% (0/2)">
							<conditions>
								<condition number="0" type="jump" coverage="0%"/>
							</conditions>
						</line>
						<line number="295" hits="0" branch="true" condition-coverage="0% (0/2)">
							<conditions>
								<condition number="0" type="jump" coverage="0%"/>
							</conditions>
						</line>
						<line number="296" hits="0" branch="false"/>
						<line number="298" hits="0" branch="false"/>
						<line number="299" hits="0" branch="true" condition-coverage="0% (0/2)">
							<conditions>
								<condition number="0" type="jump" coverage="0%"/>
							</conditions>
						</line>
						<line number="300" hits="0" branch="true" condition-coverage="0% (0/2)">
							<conditions>
								<condition number="0" type="jump" coverage="0%"/>
							</conditions>
						</line>
						<line number="303" hits="0" branch="false"/>
						<line number="304" hits="3" branch="false"/>
						<line number="305" hits="0" branch="false"/>
						<line number="306" hits="0" branch="false"/>
						<line number="307" hits="3" branch="false"/>
						<line number="308" hits="0" branch="false"/>
						<line number="310" hits="3" branch="false"/>
						<line number="313" hits="0" branch="false"/>
						<line number="314" hits="0" branch="false"/>
					</lines>
				</class>
				<class name="org.universAAL.ui.ui.handler.web.html.UpdatedPropertiesFile" filename="org/universAAL/ui/ui/handler/web/html/UpdatedPropertiesFile.java" line-rate="0.0" branch-rate="0.0" complexity="1.8888888888888888">
					<methods>
						<method name="&lt;init&gt;" signature="(Ljava/io/File;)V" line-rate="0.0" branch-rate="1.0" complexity="0">
							<lines>
								<line number="69" hits="0" branch="false"/>
								<line number="70" hits="0" branch="false"/>
								<line number="71" hits="0" branch="false"/>
							</lines>
						</method>
						<method name="checkPropertiesVersion" signature="()V" line-rate="0.0" branch-rate="0.0" complexity="0">
							<lines>
								<line number="109" hits="0" branch="true" condition-coverage="0% (0/4)">
									<conditions>
										<condition number="0" type="jump" coverage="0%"/>
										<condition number="1" type="jump" coverage="0%"/>
									</conditions>
								</line>
								<line number="112" hits="0" branch="false"/>
								<line number="113" hits="0" branch="false"/>
								<line number="114" hits="0" branch="false"/>
								<line number="116" hits="0" branch="false"/>
							</lines>
						</method>
						<method name="getProperty" signature="(Ljava/lang/String;)Ljava/lang/String;" line-rate="0.0" branch-rate="1.0" complexity="0">
							<lines>
								<line number="140" hits="0" branch="false"/>
								<line number="141" hits="0" branch="false"/>
							</lines>
						</method>
						<method name="getProperty" signature="(Ljava/lang/String;Ljava/lang/String;)Ljava/lang/String;" line-rate="0.0" branch-rate="1.0" complexity="0">
							<lines>
								<line number="155" hits="0" branch="false"/>
								<line number="156" hits="0" branch="false"/>
							</lines>
						</method>
						<method name="loadProperties" signature="()V" line-rate="0.0" branch-rate="0.0" complexity="0">
							<lines>
								<line number="85" hits="0" branch="false"/>
								<line number="86" hits="0" branch="true" condition-coverage="0% (0/2)">
									<conditions>
										<condition number="0" type="jump" coverage="0%"/>
									</conditions>
								</line>
								<line number="88" hits="0" branch="false"/>
								<line number="89" hits="0" branch="false"/>
								<line number="90" hits="0" branch="false"/>
								<line number="91" hits="0" branch="false"/>
								<line number="92" hits="0" branch="false"/>
								<line number="93" hits="0" branch="false"/>
								<line number="94" hits="0" branch="false"/>
								<line number="95" hits="0" branch="false"/>
								<line number="97" hits="0" branch="false"/>
								<line number="98" hits="0" branch="false"/>
								<line number="99" hits="0" branch="false"/>
								<line number="100" hits="0" branch="false"/>
								<line number="101" hits="0" branch="false"/>
								<line number="103" hits="0" branch="false"/>
							</lines>
						</method>
						<method name="setProperty" signature="(Ljava/lang/String;Ljava/lang/String;)Ljava/lang/Object;" line-rate="0.0" branch-rate="1.0" complexity="0">
							<lines>
								<line number="170" hits="0" branch="false"/>
								<line number="171" hits="0" branch="false"/>
							</lines>
						</method>
						<method name="storeProperties" signature="()V" line-rate="0.0" branch-rate="0.0" complexity="0">
							<lines>
								<line number="124" hits="0" branch="true" condition-coverage="0% (0/4)">
									<conditions>
										<condition number="0" type="jump" coverage="0%"/>
										<condition number="1" type="jump" coverage="0%"/>
									</conditions>
								</line>
								<line number="125" hits="0" branch="false"/>
								<line number="126" hits="0" branch="false"/>
								<line number="127" hits="0" branch="false"/>
								<line number="129" hits="0" branch="false"/>
							</lines>
						</method>
					</methods>
					<lines>
						<line number="69" hits="0" branch="false"/>
						<line number="70" hits="0" branch="false"/>
						<line number="71" hits="0" branch="false"/>
						<line number="85" hits="0" branch="false"/>
						<line number="86" hits="0" branch="true" condition-coverage="0% (0/2)">
							<conditions>
								<condition number="0" type="jump" coverage="0%"/>
							</conditions>
						</line>
						<line number="88" hits="0" branch="false"/>
						<line number="89" hits="0" branch="false"/>
						<line number="90" hits="0" branch="false"/>
						<line number="91" hits="0" branch="false"/>
						<line number="92" hits="0" branch="false"/>
						<line number="93" hits="0" branch="false"/>
						<line number="94" hits="0" branch="false"/>
						<line number="95" hits="0" branch="false"/>
						<line number="97" hits="0" branch="false"/>
						<line number="98" hits="0" branch="false"/>
						<line number="99" hits="0" branch="false"/>
						<line number="100" hits="0" branch="false"/>
						<line number="101" hits="0" branch="false"/>
						<line number="103" hits="0" branch="false"/>
						<line number="109" hits="0" branch="true" condition-coverage="0% (0/4)">
							<conditions>
								<condition number="0" type="jump" coverage="0%"/>
								<condition number="1" type="jump" coverage="0%"/>
							</conditions>
						</line>
						<line number="112" hits="0" branch="false"/>
						<line number="113" hits="0" branch="false"/>
						<line number="114" hits="0" branch="false"/>
						<line number="116" hits="0" branch="false"/>
						<line number="124" hits="0" branch="true" condition-coverage="0% (0/4)">
							<conditions>
								<condition number="0" type="jump" coverage="0%"/>
								<condition number="1" type="jump" coverage="0%"/>
							</conditions>
						</line>
						<line number="125" hits="0" branch="false"/>
						<line number="126" hits="0" branch="false"/>
						<line number="127" hits="0" branch="false"/>
						<line number="129" hits="0" branch="false"/>
						<line number="140" hits="0" branch="false"/>
						<line number="141" hits="0" branch="false"/>
						<line number="155" hits="0" branch="false"/>
						<line number="156" hits="0" branch="false"/>
						<line number="170" hits="0" branch="false"/>
						<line number="171" hits="0" branch="false"/>
					</lines>
				</class>
			</classes>
		</package>
		<package name="org.universAAL.ui.ui.handler.web.html.fm" line-rate="0.07142857142857142" branch-rate="0.0" complexity="1.45">
			<classes>
				<class name="org.universAAL.ui.ui.handler.web.html.fm.FormManager" filename="org/universAAL/ui/ui/handler/web/html/fm/FormManager.java" line-rate="1.0" branch-rate="1.0" complexity="1.0">
					<methods>
					</methods>
					<lines>
					</lines>
				</class>
				<class name="org.universAAL.ui.ui.handler.web.html.fm.SimpleFormManager" filename="org/universAAL/ui/ui/handler/web/html/fm/SimpleFormManager.java" line-rate="0.07142857142857142" branch-rate="0.0" complexity="1.9">
					<methods>
						<method name="&lt;init&gt;" signature="()V" line-rate="1.0" branch-rate="1.0" complexity="0">
							<lines>
								<line number="37" hits="3" branch="false"/>
								<line number="42" hits="3" branch="false"/>
							</lines>
						</method>
						<method name="adaptationParametersChanged" signature="(Ljava/lang/String;Ljava/lang/String;Ljava/lang/Object;)V" line-rate="0.0" branch-rate="0.0" complexity="0">
							<lines>
								<line number="102" hits="0" branch="true" condition-coverage="0% (0/4)">
									<conditions>
										<condition number="0" type="jump" coverage="0%"/>
										<condition number="1" type="jump" coverage="0%"/>
									</conditions>
								</line>
								<line number="106" hits="0" branch="false"/>
							</lines>
						</method>
						<method name="addDialog" signature="(Lorg/universAAL/middleware/ui/UIRequest;)V" line-rate="0.0" branch-rate="1.0" complexity="0">
							<lines>
								<line number="51" hits="0" branch="false"/>
								<line number="52" hits="0" branch="false"/>
								<line number="54" hits="0" branch="false"/>
								<line number="55" hits="0" branch="false"/>
								<line number="56" hits="0" branch="false"/>
							</lines>
						</method>
						<method name="closeCurrentDialog" signature="()V" line-rate="0.0" branch-rate="0.0" complexity="0">
							<lines>
								<line number="65" hits="0" branch="true" condition-coverage="0% (0/2)">
									<conditions>
										<condition number="0" type="jump" coverage="0%"/>
									</conditions>
								</line>
								<line number="67" hits="0" branch="false"/>
								<line number="69" hits="0" branch="false"/>
							</lines>
						</method>
						<method name="cutDialog" signature="(Ljava/lang/String;)Lorg/universAAL/middleware/rdf/Resource;" line-rate="0.0" branch-rate="0.0" complexity="0">
							<lines>
[...]
									<conditions>
										<condition number="0" type="jump" coverage="100%"/>
									</conditions>
								</line>
								<line number="87" hits="508" branch="false"/>
								<line number="88" hits="508" branch="false"/>
								<line number="89" hits="508" branch="true" condition-coverage="100% (2/2)">
									<conditions>
										<condition number="0" type="jump" coverage="100%"/>
									</conditions>
								</line>
								<line number="90" hits="6" branch="false"/>
								<line number="92" hits="508" branch="false"/>
								<line number="93" hits="508" branch="false"/>
								<line number="95" hits="39" branch="false"/>
							</lines>
						</method>
						<method name="updateInput" signature="([Ljava/lang/String;)Z" line-rate="0.0" branch-rate="0.0" complexity="0">
							<lines>
								<line number="51" hits="0" branch="false"/>
								<line number="52" hits="0" branch="false"/>
								<line number="53" hits="0" branch="false"/>
								<line number="54" hits="0" branch="true" condition-coverage="0% (0/2)">
									<conditions>
										<condition number="0" type="jump" coverage="0%"/>
									</conditions>
								</line>
								<line number="55" hits="0" branch="false"/>
								<line number="56" hits="0" branch="false"/>
								<line number="58" hits="0" branch="false"/>
							</lines>
						</method>
					</methods>
					<lines>
						<line number="40" hits="39" branch="false"/>
						<line number="41" hits="39" branch="false"/>
						<line number="46" hits="2" branch="false"/>
						<line number="51" hits="0" branch="false"/>
						<line number="52" hits="0" branch="false"/>
						<line number="53" hits="0" branch="false"/>
						<line number="54" hits="0" branch="true" condition-coverage="0% (0/2)">
							<conditions>
								<condition number="0" type="jump" coverage="0%"/>
							</conditions>
						</line>
						<line number="55" hits="0" branch="false"/>
						<line number="56" hits="0" branch="false"/>
						<line number="58" hits="0" branch="false"/>
						<line number="62" hits="2" branch="false"/>
						<line number="63" hits="2" branch="false"/>
						<line number="68" hits="39" branch="false"/>
						<line number="69" hits="39" branch="true" condition-coverage="50% (1/2)">
							<conditions>
								<condition number="0" type="jump" coverage="50%"/>
							</conditions>
						</line>
						<line number="70" hits="0" branch="false"/>
						<line number="71" hits="39" branch="true" condition-coverage="100% (2/2)">
							<conditions>
								<condition number="0" type="jump" coverage="100%"/>
							</conditions>
						</line>
						<line number="72" hits="1" branch="false"/>
						<line number="73" hits="3" branch="true" condition-coverage="100% (2/2)">
							<conditions>
								<condition number="0" type="jump" coverage="100%"/>
							</conditions>
						</line>
						<line number="74" hits="2" branch="false"/>
						<line number="77" hits="38" branch="false"/>
						<line number="78" hits="38" branch="true" condition-coverage="100% (2/2)">
							<conditions>
								<condition number="0" type="jump" coverage="100%"/>
							</conditions>
						</line>
						<line number="79" hits="4" branch="false"/>
						<line number="83" hits="39" branch="false"/>
						<line number="84" hits="39" branch="false"/>
						<line number="85" hits="39" branch="false"/>
						<line number="86" hits="547" branch="true" condition-coverage="100% (2/2)">
							<conditions>
								<condition number="0" type="jump" coverage="100%"/>
							</conditions>
						</line>
						<line number="87" hits="508" branch="false"/>
						<line number="88" hits="508" branch="false"/>
						<line number="89" hits="508" branch="true" condition-coverage="100% (2/2)">
							<conditions>
								<condition number="0" type="jump" coverage="100%"/>
							</conditions>
						</line>
						<line number="90" hits="6" branch="false"/>
						<line number="92" hits="508" branch="false"/>
						<line number="93" hits="508" branch="false"/>
						<line number="95" hits="39" branch="false"/>
					</lines>
				</class>
				<class name="org.universAAL.ui.ui.handler.web.html.model.SimpleOutputModel" filename="org/universAAL/ui/ui/handler/web/html/model/SimpleOutputModel.java" line-rate="1.0" branch-rate="1.0" complexity="2.0">
					<methods>
						<method name="&lt;init&gt;" signature="(Lorg/universAAL/middleware/ui/rdf/SimpleOutput;Lorg/universAAL/ui/ui/handler/web/html/HTMLUserGenerator;)V" line-rate="1.0" branch-rate="1.0" complexity="0">
							<lines>
								<line number="36" hits="59" branch="false"/>
								<line number="37" hits="59" branch="false"/>
							</lines>
						</method>
						<method name="generateHTMLWithoutLabel" signature="()Ljava/lang/StringBuffer;" line-rate="1.0" branch-rate="1.0" complexity="0">
							<lines>
								<line number="41" hits="55" branch="false"/>
								<line number="44" hits="55" branch="false"/>
								<line number="45" hits="55" branch="true" condition-coverage="100% (4/4)">
									<conditions>
										<condition number="0" type="jump" coverage="100%"/>
										<condition number="1" type="jump" coverage="100%"/>
									</conditions>
								</line>
								<line number="46" hits="1" branch="false"/>
								<line number="48" hits="54" branch="false"/>
								<line number="49" hits="54" branch="false"/>
								<line number="51" hits="55" branch="false"/>
							</lines>
						</method>
					</methods>
					<lines>
						<line number="36" hits="59" branch="false"/>
						<line number="37" hits="59" branch="false"/>
						<line number="41" hits="55" branch="false"/>
						<line number="44" hits="55" branch="false"/>
						<line number="45" hits="55" branch="true" condition-coverage="100% (4/4)">
							<conditions>
								<condition number="0" type="jump" coverage="100%"/>
								<condition number="1" type="jump" coverage="100%"/>
							</conditions>
						</line>
						<line number="46" hits="1" branch="false"/>
						<line number="48" hits="54" branch="false"/>
						<line number="49" hits="54" branch="false"/>
						<line number="51" hits="55" branch="false"/>
					</lines>
				</class>
				<class name="org.universAAL.ui.ui.handler.web.html.model.SubdialogTriggerModel" filename="org/universAAL/ui/ui/handler/web/html/model/SubdialogTriggerModel.java" line-rate="0.0" branch-rate="1.0" complexity="1.0">
					<methods>
						<method name="&lt;init&gt;" signature="(Lorg/universAAL/middleware/ui/rdf/SubdialogTrigger;Lorg/universAAL/ui/ui/handler/web/html/HTMLUserGenerator;)V" line-rate="0.0" branch-rate="1.0" complexity="0">
							<lines>
								<line number="35" hits="0" branch="false"/>
								<line number="36" hits="0" branch="false"/>
							</lines>
						</method>
						<method name="submitted" signature="()V" line-rate="0.0" branch-rate="1.0" complexity="0">
							<lines>
								<line number="41" hits="0" branch="false"/>
								<line number="42" hits="0" branch="false"/>
							</lines>
						</method>
					</methods>
					<lines>
						<line number="35" hits="0" branch="false"/>
						<line number="36" hits="0" branch="false"/>
						<line number="41" hits="0" branch="false"/>
						<line number="42" hits="0" branch="false"/>
					</lines>
				</class>
				<class name="org.universAAL.ui.ui.handler.web.html.model.SubmitModel" filename="org/universAAL/ui/ui/handler/web/html/model/SubmitModel.java" line-rate="0.4444444444444444" branch-rate="0.4375" complexity="2.5">
					<methods>
						<method name="&lt;init&gt;" signature="(Lorg/universAAL/middleware/ui/rdf/Submit;Lorg/universAAL/ui/ui/handler/web/html/HTMLUserGenerator;)V" line-rate="1.0" branch-rate="1.0" complexity="0">
							<lines>
								<line number="41" hits="4" branch="false"/>
								<line number="42" hits="4" branch="false"/>
							</lines>
						</method>
						<method name="generateHTML" signature="()Ljava/lang/StringBuffer;" line-rate="0.7368421052631579" branch-rate="0.5833333333333334" complexity="0">
							<lines>
								<line number="46" hits="4" branch="false"/>
								<line number="47" hits="4" branch="false"/>
								<line number="48" hits="4" branch="false"/>
								<line number="49" hits="4" branch="false"/>
								<line number="50" hits="4" branch="false"/>
								<line number="51" hits="4" branch="true" condition-coverage="50% (2/4)">
									<conditions>
										<condition number="0" type="jump" coverage="50%"/>
										<condition number="1" type="jump" coverage="50%"/>
									</conditions>
								</line>
								<line number="52" hits="0" branch="false"/>
								<line number="54" hits="4" branch="true" condition-coverage="100% (2/2)">
									<conditions>
										<condition number="0" type="jump" coverage="100%"/>
									</conditions>
								</line>
								<line number="55" hits="2" branch="false"/>
								<line number="56" hits="2" branch="false"/>
								<line number="57" hits="2" branch="false"/>
								<line number="59" hits="4" branch="true" condition-coverage="100% (2/2)">
									<conditions>
										<condition number="0" type="jump" coverage="100%"/>
									</conditions>
								</line>
								<line number="60" hits="2" branch="false"/>
								<line number="62" hits="4" branch="true" condition-coverage="50% (1/2)">
									<conditions>
										<condition number="0" type="jump" coverage="50%"/>
									</conditions>
								</line>
								<line number="63" hits="0" branch="true" condition-coverage="0% (0/2)">
									<conditions>
										<condition number="0" type="jump" coverage="0%"/>
									</conditions>
								</line>
								<line number="64" hits="0" branch="false"/>
								<line number="65" hits="0" branch="false"/>
								<line number="66" hits="0" branch="false"/>
								<line number="70" hits="4" branch="false"/>
							</lines>
						</method>
						<method name="generateHTMLWithoutLabel" signature="()Ljava/lang/StringBuffer;" line-rate="0.0" branch-rate="1.0" complexity="0">
							<lines>
								<line number="105" hits="0" branch="false"/>
							</lines>
						</method>
						<method name="getButtonContent" signature="()Ljava/lang/StringBuffer;" line-rate="0.0" branch-rate="0.0" complexity="0">
							<lines>
								<line number="82" hits="0" branch="false"/>
								<line number="85" hits="0" branch="false"/>
								<line number="86" hits="0" branch="true" condition-coverage="0% (0/2)">
									<conditions>
										<condition number="0" type="jump" coverage="0%"/>
									</conditions>
								</line>
								<line number="87" hits="0" branch="false"/>
								<line number="89" hits="0" branch="false"/>
							</lines>
						</method>
						<method name="getIcon" signature="()Ljava/lang/StringBuffer;" line-rate="0.0" branch-rate="0.0" complexity="0">
							<lines>
								<line number="93" hits="0" branch="false"/>
								<line number="94" hits="0" branch="false"/>
								<line number="95" hits="0" branch="true" condition-coverage="0% (0/2)">
									<conditions>
										<condition number="0" type="jump" coverage="0%"/>
									</conditions>
								</line>
								<line number="96" hits="0" branch="false"/>
								<line number="97" hits="0" branch="false"/>
								<line number="99" hits="0" branch="false"/>
							</lines>
						</method>
						<method name="submitted" signature="()V" line-rate="0.0" branch-rate="1.0" complexity="0">
							<lines>
								<line number="77" hits="0" branch="false"/>
								<line number="78" hits="0" branch="false"/>
								<line number="79" hits="0" branch="false"/>
							</lines>
						</method>
					</methods>
					<lines>
						<line number="41" hits="4" branch="false"/>
						<line number="42" hits="4" branch="false"/>
						<line number="46" hits="4" branch="false"/>
						<line number="47" hits="4" branch="false"/>
						<line number="48" hits="4" branch="false"/>
						<line number="49" hits="4" branch="false"/>
						<line number="50" hits="4" branch="false"/>
						<line number="51" hits="4" branch="true" condition-coverage="50% (2/4)">
							<conditions>
								<condition number="0" type="jump" coverage="50%"/>
								<condition number="1" type="jump" coverage="50%"/>
							</conditions>
						</line>
						<line number="52" hits="0" branch="false"/>
						<line number="54" hits="4" branch="true" condition-coverage="100% (2/2)">
							<conditions>
								<condition number="0" type="jump" coverage="100%"/>
							</conditions>
						</line>
						<line number="55" hits="2" branch="false"/>
						<line number="56" hits="2" branch="false"/>
						<line number="57" hits="2" branch="false"/>
						<line number="59" hits="4" branch="true" condition-coverage="100% (2/2)">
							<conditions>
								<condition number="0" type="jump" coverage="100%"/>
							</conditions>
						</line>
						<line number="60" hits="2" branch="false"/>
						<line number="62" hits="4" branch="true" condition-coverage="50% (1/2)">
							<conditions>
								<condition number="0" type="jump" coverage="50%"/>
							</conditions>
						</line>
						<line number="63" hits="0" branch="true" condition-coverage="0% (0/2)">
							<conditions>
								<condition number="0" type="jump" coverage="0%"/>
							</conditions>
						</line>
						<line number="64" hits="0" branch="false"/>
						<line number="65" hits="0" branch="false"/>
						<line number="66" hits="0" branch="false"/>
						<line number="70" hits="4" branch="false"/>
						<line number="77" hits="0" branch="false"/>
						<line number="78" hits="0" branch="false"/>
						<line number="79" hits="0" branch="false"/>
						<line number="82" hits="0" branch="false"/>
						<line number="85" hits="0" branch="false"/>
						<line number="86" hits="0" branch="true" condition-coverage="0% (0/2)">
							<conditions>
								<condition number="0" type="jump" coverage="0%"/>
							</conditions>
						</line>
						<line number="87" hits="0" branch="false"/>
						<line number="89" hits="0" branch="false"/>
						<line number="93" hits="0" branch="false"/>
						<line number="94" hits="0" branch="false"/>
						<line number="95" hits="0" branch="true" condition-coverage="0% (0/2)">
							<conditions>
								<condition number="0" type="jump" coverage="0%"/>
							</conditions>
						</line>
						<line number="96" hits="0" branch="false"/>
						<line number="97" hits="0" branch="false"/>
						<line number="99" hits="0" branch="false"/>
						<line number="105" hits="0" branch="false"/>
					</lines>
				</class>
				<class name="org.universAAL.ui.ui.handler.web.html.model.TextAreaModel" filename="org/universAAL/ui/ui/handler/web/html/model/TextAreaModel.java" line-rate="0.75" branch-rate="1.0" complexity="1.0">
					<methods>
						<method name="&lt;init&gt;" signature="(Lorg/universAAL/middleware/ui/rdf/TextArea;Lorg/universAAL/ui/ui/handler/web/html/HTMLUserGenerator;)V" line-rate="1.0" branch-rate="1.0" complexity="0">
							<lines>
								<line number="34" hits="4" branch="false"/>
								<line number="35" hits="4" branch="false"/>
							</lines>
						</method>
						<method name="generateInputHTML" signature="()Ljava/lang/StringBuffer;" line-rate="1.0" branch-rate="1.0" complexity="0">
							<lines>
								<line number="39" hits="4" branch="false"/>
							</lines>
						</method>
						<method name="updateInput" signature="([Ljava/lang/String;)Z" line-rate="0.0" branch-rate="1.0" complexity="0">
							<lines>
								<line number="44" hits="0" branch="false"/>
							</lines>
						</method>
					</methods>
					<lines>
						<line number="34" hits="4" branch="false"/>
						<line number="35" hits="4" branch="false"/>
						<line number="39" hits="4" branch="false"/>
						<line number="44" hits="0" branch="false"/>
					</lines>
				</class>
			</classes>
		</package>
		<package name="org.universAAL.ui.ui.handler.web.html.osgi" line-rate="0.0" branch-rate="1.0" complexity="1.0">
			<classes>
				<class name="org.universAAL.ui.ui.handler.web.html.osgi.HTMLHandlerActivator" filename="org/universAAL/ui/ui/handler/web/html/osgi/HTMLHandlerActivator.java" line-rate="0.0" branch-rate="1.0" complexity="1.0">
					<methods>
						<method name="&lt;init&gt;" signature="()V" line-rate="1.0" branch-rate="1.0" complexity="0">
							<lines>
							</lines>
						</method>
						<method name="access$000" signature="(Lorg/universAAL/ui/ui/handler/web/html/osgi/HTMLHandlerActivator;)Lorg/universAAL/ui/ui/handler/web/html/HTTPHandlerService;" line-rate="0.0" branch-rate="1.0" complexity="0">
							<lines>
								<line number="29" hits="0" branch="false"/>
							</lines>
						</method>
						<method name="access$002" signature="(Lorg/universAAL/ui/ui/handler/web/html/osgi/HTMLHandlerActivator;Lorg/universAAL/ui/ui/handler/web/html/HTTPHandlerService;)Lorg/universAAL/ui/ui/handler/web/html/HTTPHandlerService;" line-rate="1.0" branch-rate="1.0" complexity="0">
							<lines>
							</lines>
						</method>
						<method name="access$100" signature="(Lorg/universAAL/ui/ui/handler/web/html/osgi/HTMLHandlerActivator;)Lorg/universAAL/middleware/container/ModuleContext;" line-rate="1.0" branch-rate="1.0" complexity="0">
							<lines>
							</lines>
						</method>
						<method name="start" signature="(Lorg/osgi/framework/BundleContext;)V" line-rate="0.0" branch-rate="1.0" complexity="0">
							<lines>
								<line number="36" hits="0" branch="false"/>
								<line number="37" hits="0" branch="false"/>
								<line number="42" hits="0" branch="false"/>
								<line number="51" hits="0" branch="false"/>
								<line number="58" hits="0" branch="false"/>
								<line number="60" hits="0" branch="false"/>
								<line number="61" hits="0" branch="false"/>
							</lines>
						</method>
						<method name="stop" signature="(Lorg/osgi/framework/BundleContext;)V" line-rate="0.0" branch-rate="1.0" complexity="0">
							<lines>
								<line number="64" hits="0" branch="false"/>
								<line number="68" hits="0" branch="false"/>
								<line number="69" hits="0" branch="false"/>
								<line number="70" hits="0" branch="false"/>
							</lines>
						</method>
					</methods>
					<lines>
						<line number="29" hits="0" branch="false"/>
						<line number="36" hits="0" branch="false"/>
						<line number="37" hits="0" branch="false"/>
						<line number="42" hits="0" branch="false"/>
						<line number="51" hits="0" branch="false"/>
						<line number="58" hits="0" branch="false"/>
						<line number="60" hits="0" branch="false"/>
						<line number="61" hits="0" branch="false"/>
						<line number="64" hits="0" branch="false"/>
						<line number="68" hits="0" branch="false"/>
						<line number="69" hits="0" branch="false"/>
						<line number="70" hits="0" branch="false"/>
					</lines>
				</class>
				<class name="org.universAAL.ui.ui.handler.web.html.osgi.HTMLHandlerActivator$1" filename="org/universAAL/ui/ui/handler/web/html/osgi/HTMLHandlerActivator.java" line-rate="0.0" branch-rate="1.0" complexity="1.0">
					<methods>
						<method name="&lt;init&gt;" signature="(Lorg/universAAL/ui/ui/handler/web/html/osgi/HTMLHandlerActivator;)V" line-rate="0.0" branch-rate="1.0" complexity="0">
							<lines>
								<line number="51" hits="0" branch="false"/>
							</lines>
						</method>
						<method name="run" signature="()V" line-rate="0.0" branch-rate="1.0" complexity="0">
							<lines>
								<line number="54" hits="0" branch="false"/>
								<line number="55" hits="0" branch="false"/>
								<line number="56" hits="0" branch="false"/>
								<line number="57" hits="0" branch="false"/>
							</lines>
						</method>
					</methods>
					<lines>
						<line number="51" hits="0" branch="false"/>
						<line number="54" hits="0" branch="false"/>
						<line number="55" hits="0" branch="false"/>
						<line number="56" hits="0" branch="false"/>
						<line number="57" hits="0" branch="false"/>
					</lines>
				</class>
			</classes>
		</package>
	</packages>
</coverage>
